# JRE version: OpenJDK Runtime Environment JBR-17.0.12+1-1207.37-nomod (17.0.12+1) (build 17.0.12+1-b1207.37)
# Java VM: OpenJDK 64-Bit Server VM JBR-17.0.12+1-1207.37-nomod (17.0.12+1-b1207.37, mixed mode, sharing, tiered, compressed oops, compressed class ptrs, g1 gc, windows-amd64)
GC Precious Log:
 CPUs: 8 total, 8 available
 Memory: 7995M
 Large Page Support: Disabled
 NUMA Support: Disabled
 Compressed Oops: Enabled (32-bit)
 Heap Region Size: 1M
 Heap Min Capacity: 8M
 Heap Initial Capacity: 126M
 Heap Max Capacity: 2000M
 Pre-touch: Disabled
 Parallel Workers: 8
 Concurrent Workers: 2
 Concurrent Refinement Workers: 8
 Periodic GC: Disabled
Heap:
 garbage-first heap   total 119808K, used 90204K [0x0000000083000000, 0x0000000100000000)
  region size 1024K, 63 young (64512K), 3 survivors (3072K)
 Metaspace       used 60003K, committed 60480K, reserved 1114112K
  class space    used 8284K, committed 8512K, reserved 1048576K
GC Heap History (20 events):
Event: 1.487 GC heap before
{Heap before GC invocations=1 (full 0):
 garbage-first heap   total 129024K, used 34089K [0x0000000083000000, 0x0000000100000000)
  region size 1024K, 26 young (26624K), 3 survivors (3072K)
 Metaspace       used 10331K, committed 10560K, reserved 1114112K
  class space    used 1316K, committed 1408K, reserved 1048576K
}
Event: 1.493 GC heap after
{Heap after GC invocations=2 (full 0):
 garbage-first heap   total 129024K, used 13486K [0x0000000083000000, 0x0000000100000000)
  region size 1024K, 2 young (2048K), 2 survivors (2048K)
 Metaspace       used 10331K, committed 10560K, reserved 1114112K
  class space    used 1316K, committed 1408K, reserved 1048576K
}
Event: 5.620 GC heap before
{Heap before GC invocations=2 (full 0):
 garbage-first heap   total 129024K, used 65710K [0x0000000083000000, 0x0000000100000000)
  region size 1024K, 49 young (50176K), 2 survivors (2048K)
 Metaspace       used 19670K, committed 20032K, reserved 1114112K
  class space    used 2586K, committed 2752K, reserved 1048576K
}
Event: 5.627 GC heap after
{Heap after GC invocations=3 (full 0):
 garbage-first heap   total 129024K, used 18595K [0x0000000083000000, 0x0000000100000000)
  region size 1024K, 7 young (7168K), 7 survivors (7168K)
 Metaspace       used 19670K, committed 20032K, reserved 1114112K
  class space    used 2586K, committed 2752K, reserved 1048576K
}
Event: 5.704 GC heap before
{Heap before GC invocations=3 (full 0):
 garbage-first heap   total 129024K, used 24739K [0x0000000083000000, 0x0000000100000000)
  region size 1024K, 14 young (14336K), 7 survivors (7168K)
 Metaspace       used 21222K, committed 21504K, reserved 1114112K
  class space    used 2776K, committed 2944K, reserved 1048576K
}
Event: 5.713 GC heap after
{Heap after GC invocations=4 (full 0):
 garbage-first heap   total 129024K, used 19502K [0x0000000083000000, 0x0000000100000000)
  region size 1024K, 1 young (1024K), 1 survivors (1024K)
 Metaspace       used 21222K, committed 21504K, reserved 1114112K
  class space    used 2776K, committed 2944K, reserved 1048576K
}
Event: 6.495 GC heap before
{Heap before GC invocations=5 (full 0):
 garbage-first heap   total 71680K, used 56366K [0x0000000083000000, 0x0000000100000000)
  region size 1024K, 39 young (39936K), 1 survivors (1024K)
 Metaspace       used 26709K, committed 27008K, reserved 1114112K
  class space    used 3465K, committed 3584K, reserved 1048576K
}
Event: 6.501 GC heap after
{Heap after GC invocations=6 (full 0):
 garbage-first heap   total 71680K, used 22564K [0x0000000083000000, 0x0000000100000000)
  region size 1024K, 4 young (4096K), 4 survivors (4096K)
 Metaspace       used 26709K, committed 27008K, reserved 1114112K
  class space    used 3465K, committed 3584K, reserved 1048576K
}
Event: 6.519 GC heap before
{Heap before GC invocations=6 (full 0):
 garbage-first heap   total 71680K, used 23588K [0x0000000083000000, 0x0000000100000000)
  region size 1024K, 5 young (5120K), 4 survivors (4096K)
 Metaspace       used 26774K, committed 27072K, reserved 1114112K
  class space    used 3473K, committed 3584K, reserved 1048576K
}
Event: 6.524 GC heap after
{Heap after GC invocations=7 (full 0):
 garbage-first heap   total 71680K, used 23149K [0x0000000083000000, 0x0000000100000000)
  region size 1024K, 1 young (1024K), 1 survivors (1024K)
 Metaspace       used 26774K, committed 27072K, reserved 1114112K
  class space    used 3473K, committed 3584K, reserved 1048576K
}
Event: 7.042 GC heap before
{Heap before GC invocations=7 (full 0):
 garbage-first heap   total 71680K, used 50797K [0x0000000083000000, 0x0000000100000000)
  region size 1024K, 28 young (28672K), 1 survivors (1024K)
 Metaspace       used 28855K, committed 29120K, reserved 1114112K
  class space    used 3764K, committed 3904K, reserved 1048576K
}
Event: 7.047 GC heap after
{Heap after GC invocations=8 (full 0):
 garbage-first heap   total 71680K, used 24644K [0x0000000083000000, 0x0000000100000000)
  region size 1024K, 3 young (3072K), 3 survivors (3072K)
 Metaspace       used 28855K, committed 29120K, reserved 1114112K
  class space    used 3764K, committed 3904K, reserved 1048576K
}
Event: 7.781 GC heap before
{Heap before GC invocations=8 (full 0):
 garbage-first heap   total 71680K, used 52292K [0x0000000083000000, 0x0000000100000000)
  region size 1024K, 30 young (30720K), 3 survivors (3072K)
 Metaspace       used 31634K, committed 32064K, reserved 1114112K
  class space    used 4194K, committed 4416K, reserved 1048576K
}
Event: 7.789 GC heap after
{Heap after GC invocations=9 (full 0):
 garbage-first heap   total 71680K, used 26454K [0x0000000083000000, 0x0000000100000000)
  region size 1024K, 4 young (4096K), 4 survivors (4096K)
 Metaspace       used 31634K, committed 32064K, reserved 1114112K
  class space    used 4194K, committed 4416K, reserved 1048576K
}
Event: 8.304 GC heap before
{Heap before GC invocations=9 (full 0):
 garbage-first heap   total 71680K, used 47958K [0x0000000083000000, 0x0000000100000000)
  region size 1024K, 26 young (26624K), 4 survivors (4096K)
 Metaspace       used 35699K, committed 36096K, reserved 1114112K
  class space    used 4736K, committed 4928K, reserved 1048576K
}
Event: 8.314 GC heap after
{Heap after GC invocations=10 (full 0):
 garbage-first heap   total 71680K, used 27889K [0x0000000083000000, 0x0000000100000000)
  region size 1024K, 4 young (4096K), 4 survivors (4096K)
 Metaspace       used 35699K, committed 36096K, reserved 1114112K
  class space    used 4736K, committed 4928K, reserved 1048576K
}
Event: 8.937 GC heap before
{Heap before GC invocations=11 (full 0):
 garbage-first heap   total 71680K, used 53489K [0x0000000083000000, 0x0000000100000000)
  region size 1024K, 30 young (30720K), 4 survivors (4096K)
 Metaspace       used 39877K, committed 40320K, reserved 1114112K
  class space    used 5418K, committed 5632K, reserved 1048576K
}
Event: 8.945 GC heap after
{Heap after GC invocations=12 (full 0):
 garbage-first heap   total 71680K, used 29448K [0x0000000083000000, 0x0000000100000000)
  region size 1024K, 4 young (4096K), 4 survivors (4096K)
 Metaspace       used 39877K, committed 40320K, reserved 1114112K
  class space    used 5418K, committed 5632K, reserved 1048576K
}
Event: 9.591 GC heap before
{Heap before GC invocations=12 (full 0):
 garbage-first heap   total 71680K, used 56072K [0x0000000083000000, 0x0000000100000000)
  region size 1024K, 30 young (30720K), 4 survivors (4096K)
 Metaspace       used 46078K, committed 46528K, reserved 1114112K
  class space    used 6390K, committed 6592K, reserved 1048576K
}
Event: 9.599 GC heap after
{Heap after GC invocations=13 (full 0):
 garbage-first heap   total 119808K, used 30812K [0x0000000083000000, 0x0000000100000000)
  region size 1024K, 3 young (3072K), 3 survivors (3072K)
 Metaspace       used 46078K, committed 46528K, reserved 1114112K
  class space    used 6390K, committed 6592K, reserved 1048576K
}

