# JRE version: OpenJDK Runtime Environment JBR-17.0.12+1-1207.37-nomod (17.0.12+1) (build 17.0.12+1-b1207.37)
# Java VM: OpenJDK 64-Bit Server VM JBR-17.0.12+1-1207.37-nomod (17.0.12+1-b1207.37, mixed mode, sharing, tiered, compressed oops, compressed class ptrs, g1 gc, windows-amd64)
GC Precious Log:
 CPUs: 8 total, 8 available
 Memory: 7995M
 Large Page Support: Disabled
 NUMA Support: Disabled
 Compressed Oops: Enabled (32-bit)
 Heap Region Size: 1M
 Heap Min Capacity: 8M
 Heap Initial Capacity: 126M
 Heap Max Capacity: 2000M
 Pre-touch: Disabled
 Parallel Workers: 8
 Concurrent Workers: 2
 Concurrent Refinement Workers: 8
 Periodic GC: Disabled
Heap:
 garbage-first heap   total 133120K, used 68649K [0x0000000083000000, 0x0000000100000000)
  region size 1024K, 4 young (4096K), 4 survivors (4096K)
 Metaspace       used 31450K, committed 31808K, reserved 1114112K
  class space    used 3749K, committed 3904K, reserved 1048576K
GC Heap History (20 events):
Event: 2.658 GC heap after
{Heap after GC invocations=2 (full 0):
 garbage-first heap   total 129024K, used 5130K [0x0000000083000000, 0x0000000100000000)
  region size 1024K, 2 young (2048K), 2 survivors (2048K)
 Metaspace       used 9750K, committed 9920K, reserved 1114112K
  class space    used 1217K, committed 1280K, reserved 1048576K
}
Event: 5.833 GC heap before
{Heap before GC invocations=2 (full 0):
 garbage-first heap   total 129024K, used 79882K [0x0000000083000000, 0x0000000100000000)
  region size 1024K, 75 young (76800K), 2 survivors (2048K)
 Metaspace       used 16476K, committed 16704K, reserved 1114112K
  class space    used 2030K, committed 2112K, reserved 1048576K
}
Event: 5.868 GC heap after
{Heap after GC invocations=3 (full 0):
 garbage-first heap   total 129024K, used 12920K [0x0000000083000000, 0x0000000100000000)
  region size 1024K, 10 young (10240K), 10 survivors (10240K)
 Metaspace       used 16476K, committed 16704K, reserved 1114112K
  class space    used 2030K, committed 2112K, reserved 1048576K
}
Event: 7.894 GC heap before
{Heap before GC invocations=3 (full 0):
 garbage-first heap   total 129024K, used 79480K [0x0000000083000000, 0x0000000100000000)
  region size 1024K, 75 young (76800K), 10 survivors (10240K)
 Metaspace       used 17074K, committed 17280K, reserved 1114112K
  class space    used 2041K, committed 2112K, reserved 1048576K
}
Event: 7.933 GC heap after
{Heap after GC invocations=4 (full 0):
 garbage-first heap   total 129024K, used 19833K [0x0000000083000000, 0x0000000100000000)
  region size 1024K, 7 young (7168K), 7 survivors (7168K)
 Metaspace       used 17074K, committed 17280K, reserved 1114112K
  class space    used 2041K, committed 2112K, reserved 1048576K
}
Event: 10.576 GC heap before
{Heap before GC invocations=4 (full 0):
 garbage-first heap   total 129024K, used 93561K [0x0000000083000000, 0x0000000100000000)
  region size 1024K, 73 young (74752K), 7 survivors (7168K)
 Metaspace       used 21238K, committed 21504K, reserved 1114112K
  class space    used 2524K, committed 2688K, reserved 1048576K
}
Event: 10.607 GC heap after
{Heap after GC invocations=5 (full 0):
 garbage-first heap   total 129024K, used 30152K [0x0000000083000000, 0x0000000100000000)
  region size 1024K, 6 young (6144K), 6 survivors (6144K)
 Metaspace       used 21238K, committed 21504K, reserved 1114112K
  class space    used 2524K, committed 2688K, reserved 1048576K
}
Event: 12.296 GC heap before
{Heap before GC invocations=6 (full 0):
 garbage-first heap   total 106496K, used 87496K [0x0000000083000000, 0x0000000100000000)
  region size 1024K, 60 young (61440K), 6 survivors (6144K)
 Metaspace       used 26856K, committed 27136K, reserved 1114112K
  class space    used 3208K, committed 3328K, reserved 1048576K
}
Event: 12.344 GC heap after
{Heap after GC invocations=7 (full 0):
 garbage-first heap   total 110592K, used 45512K [0x0000000083000000, 0x0000000100000000)
  region size 1024K, 8 young (8192K), 8 survivors (8192K)
 Metaspace       used 26856K, committed 27136K, reserved 1114112K
  class space    used 3208K, committed 3328K, reserved 1048576K
}
Event: 12.367 GC heap before
{Heap before GC invocations=7 (full 0):
 garbage-first heap   total 110592K, used 46536K [0x0000000083000000, 0x0000000100000000)
  region size 1024K, 9 young (9216K), 8 survivors (8192K)
 Metaspace       used 26856K, committed 27136K, reserved 1114112K
  class space    used 3208K, committed 3328K, reserved 1048576K
}
Event: 12.388 GC heap after
{Heap after GC invocations=8 (full 0):
 garbage-first heap   total 133120K, used 46592K [0x0000000083000000, 0x0000000100000000)
  region size 1024K, 1 young (1024K), 1 survivors (1024K)
 Metaspace       used 26856K, committed 27136K, reserved 1114112K
  class space    used 3208K, committed 3328K, reserved 1048576K
}
Event: 13.943 GC heap before
{Heap before GC invocations=8 (full 0):
 garbage-first heap   total 133120K, used 95744K [0x0000000083000000, 0x0000000100000000)
  region size 1024K, 48 young (49152K), 1 survivors (1024K)
 Metaspace       used 28433K, committed 28736K, reserved 1114112K
  class space    used 3365K, committed 3520K, reserved 1048576K
}
Event: 13.963 GC heap after
{Heap after GC invocations=9 (full 0):
 garbage-first heap   total 133120K, used 55275K [0x0000000083000000, 0x0000000100000000)
  region size 1024K, 6 young (6144K), 6 survivors (6144K)
 Metaspace       used 28433K, committed 28736K, reserved 1114112K
  class space    used 3365K, committed 3520K, reserved 1048576K
}
Event: 15.637 GC heap before
{Heap before GC invocations=9 (full 0):
 garbage-first heap   total 133120K, used 96235K [0x0000000083000000, 0x0000000100000000)
  region size 1024K, 47 young (48128K), 6 survivors (6144K)
 Metaspace       used 30669K, committed 30976K, reserved 1114112K
  class space    used 3640K, committed 3776K, reserved 1048576K
}
Event: 15.652 GC heap after
{Heap after GC invocations=10 (full 0):
 garbage-first heap   total 133120K, used 57060K [0x0000000083000000, 0x0000000100000000)
  region size 1024K, 2 young (2048K), 2 survivors (2048K)
 Metaspace       used 30669K, committed 30976K, reserved 1114112K
  class space    used 3640K, committed 3776K, reserved 1048576K
}
Event: 16.736 GC heap before
{Heap before GC invocations=10 (full 0):
 garbage-first heap   total 133120K, used 77540K [0x0000000083000000, 0x0000000100000000)
  region size 1024K, 20 young (20480K), 2 survivors (2048K)
 Metaspace       used 31441K, committed 31808K, reserved 1114112K
  class space    used 3749K, committed 3904K, reserved 1048576K
}
Event: 16.748 GC heap after
{Heap after GC invocations=11 (full 0):
 garbage-first heap   total 133120K, used 57710K [0x0000000083000000, 0x0000000100000000)
  region size 1024K, 3 young (3072K), 3 survivors (3072K)
 Metaspace       used 31441K, committed 31808K, reserved 1114112K
  class space    used 3749K, committed 3904K, reserved 1048576K
}
Event: 17.154 GC heap before
{Heap before GC invocations=11 (full 0):
 garbage-first heap   total 133120K, used 75118K [0x0000000083000000, 0x0000000100000000)
  region size 1024K, 17 young (17408K), 3 survivors (3072K)
 Metaspace       used 31450K, committed 31808K, reserved 1114112K
  class space    used 3749K, committed 3904K, reserved 1048576K
}
Event: 17.170 GC heap after
{Heap after GC invocations=12 (full 0):
 garbage-first heap   total 133120K, used 62978K [0x0000000083000000, 0x0000000100000000)
  region size 1024K, 6 young (6144K), 6 survivors (6144K)
 Metaspace       used 31450K, committed 31808K, reserved 1114112K
  class space    used 3749K, committed 3904K, reserved 1048576K
}
Event: 17.241 GC heap before
{Heap before GC invocations=12 (full 0):
 garbage-first heap   total 133120K, used 68098K [0x0000000083000000, 0x0000000100000000)
  region size 1024K, 10 young (10240K), 6 survivors (6144K)
 Metaspace       used 31450K, committed 31808K, reserved 1114112K
  class space    used 3749K, committed 3904K, reserved 1048576K
}

