# JRE version: OpenJDK Runtime Environment JBR-17.0.12+1-1207.37-nomod (17.0.12+1) (build 17.0.12+1-b1207.37)
# Java VM: OpenJDK 64-Bit Server VM JBR-17.0.12+1-1207.37-nomod (17.0.12+1-b1207.37, mixed mode, sharing, tiered, compressed oops, compressed class ptrs, g1 gc, windows-amd64)
GC Precious Log:
 CPUs: 8 total, 8 available
 Memory: 7995M
 Large Page Support: Disabled
 NUMA Support: Disabled
 Compressed Oops: Enabled (32-bit)
 Heap Region Size: 1M
 Heap Min Capacity: 8M
 Heap Initial Capacity: 126M
 Heap Max Capacity: 2000M
 Pre-touch: Disabled
 Parallel Workers: 8
 Concurrent Workers: 2
 Concurrent Refinement Workers: 8
 Periodic GC: Disabled
Heap:
 garbage-first heap   total 140288K, used 66358K [0x0000000083000000, 0x0000000100000000)
  region size 1024K, 1 young (1024K), 1 survivors (1024K)
 Metaspace       used 31174K, committed 31552K, reserved 1114112K
  class space    used 3704K, committed 3904K, reserved 1048576K
GC Heap History (20 events):
Event: 4.897 GC heap after
{Heap after GC invocations=5 (full 0):
 garbage-first heap   total 129024K, used 31083K [0x0000000083000000, 0x0000000100000000)
  region size 1024K, 7 young (7168K), 7 survivors (7168K)
 Metaspace       used 21234K, committed 21504K, reserved 1114112K
  class space    used 2524K, committed 2688K, reserved 1048576K
}
Event: 5.393 GC heap before
{Heap before GC invocations=6 (full 0):
 garbage-first heap   total 109568K, used 89451K [0x0000000083000000, 0x0000000100000000)
  region size 1024K, 62 young (63488K), 7 survivors (7168K)
 Metaspace       used 26812K, committed 27072K, reserved 1114112K
  class space    used 3208K, committed 3328K, reserved 1048576K
}
Event: 5.410 GC heap after
{Heap after GC invocations=7 (full 0):
 garbage-first heap   total 112640K, used 45970K [0x0000000083000000, 0x0000000100000000)
  region size 1024K, 9 young (9216K), 9 survivors (9216K)
 Metaspace       used 26812K, committed 27072K, reserved 1114112K
  class space    used 3208K, committed 3328K, reserved 1048576K
}
Event: 5.659 GC heap before
{Heap before GC invocations=7 (full 0):
 garbage-first heap   total 112640K, used 81810K [0x0000000083000000, 0x0000000100000000)
  region size 1024K, 43 young (44032K), 9 survivors (9216K)
 Metaspace       used 27439K, committed 27712K, reserved 1114112K
  class space    used 3279K, committed 3392K, reserved 1048576K
}
Event: 5.673 GC heap after
{Heap after GC invocations=8 (full 0):
 garbage-first heap   total 135168K, used 54674K [0x0000000083000000, 0x0000000100000000)
  region size 1024K, 6 young (6144K), 6 survivors (6144K)
 Metaspace       used 27439K, committed 27712K, reserved 1114112K
  class space    used 3279K, committed 3392K, reserved 1048576K
}
Event: 6.603 GC heap before
{Heap before GC invocations=8 (full 0):
 garbage-first heap   total 135168K, used 92562K [0x0000000083000000, 0x0000000100000000)
  region size 1024K, 44 young (45056K), 6 survivors (6144K)
 Metaspace       used 29707K, committed 30016K, reserved 1114112K
  class space    used 3541K, committed 3648K, reserved 1048576K
}
Event: 6.612 GC heap after
{Heap after GC invocations=9 (full 0):
 garbage-first heap   total 135168K, used 57051K [0x0000000083000000, 0x0000000100000000)
  region size 1024K, 2 young (2048K), 2 survivors (2048K)
 Metaspace       used 29707K, committed 30016K, reserved 1114112K
  class space    used 3541K, committed 3648K, reserved 1048576K
}
Event: 7.574 GC heap before
{Heap before GC invocations=9 (full 0):
 garbage-first heap   total 135168K, used 101083K [0x0000000083000000, 0x0000000100000000)
  region size 1024K, 41 young (41984K), 2 survivors (2048K)
 Metaspace       used 31372K, committed 31744K, reserved 1114112K
  class space    used 3749K, committed 3904K, reserved 1048576K
}
Event: 7.582 GC heap after
{Heap after GC invocations=10 (full 0):
 garbage-first heap   total 135168K, used 56391K [0x0000000083000000, 0x0000000100000000)
  region size 1024K, 4 young (4096K), 4 survivors (4096K)
 Metaspace       used 31372K, committed 31744K, reserved 1114112K
  class space    used 3749K, committed 3904K, reserved 1048576K
}
Event: 9.690 GC heap before
{Heap before GC invocations=10 (full 0):
 garbage-first heap   total 135168K, used 90183K [0x0000000083000000, 0x0000000100000000)
  region size 1024K, 31 young (31744K), 4 survivors (4096K)
 Metaspace       used 31445K, committed 31808K, reserved 1114112K
  class space    used 3749K, committed 3904K, reserved 1048576K
}
Event: 9.710 GC heap after
{Heap after GC invocations=11 (full 0):
 garbage-first heap   total 135168K, used 74752K [0x0000000083000000, 0x0000000100000000)
  region size 1024K, 6 young (6144K), 6 survivors (6144K)
 Metaspace       used 31445K, committed 31808K, reserved 1114112K
  class space    used 3749K, committed 3904K, reserved 1048576K
}
Event: 9.934 GC heap before
{Heap before GC invocations=12 (full 0):
 garbage-first heap   total 140288K, used 101375K [0x0000000083000000, 0x0000000100000000)
  region size 1024K, 31 young (31744K), 6 survivors (6144K)
 Metaspace       used 31454K, committed 31808K, reserved 1114112K
  class space    used 3749K, committed 3904K, reserved 1048576K
}
Event: 9.942 GC heap after
{Heap after GC invocations=13 (full 0):
 garbage-first heap   total 140288K, used 84282K [0x0000000083000000, 0x0000000100000000)
  region size 1024K, 4 young (4096K), 4 survivors (4096K)
 Metaspace       used 31454K, committed 31808K, reserved 1114112K
  class space    used 3749K, committed 3904K, reserved 1048576K
}
Event: 9.956 GC heap before
{Heap before GC invocations=13 (full 0):
 garbage-first heap   total 140288K, used 86330K [0x0000000083000000, 0x0000000100000000)
  region size 1024K, 6 young (6144K), 4 survivors (4096K)
 Metaspace       used 31454K, committed 31808K, reserved 1114112K
  class space    used 3749K, committed 3904K, reserved 1048576K
}
Event: 9.963 GC heap after
{Heap after GC invocations=14 (full 0):
 garbage-first heap   total 140288K, used 74356K [0x0000000083000000, 0x0000000100000000)
  region size 1024K, 1 young (1024K), 1 survivors (1024K)
 Metaspace       used 31454K, committed 31808K, reserved 1114112K
  class space    used 3749K, committed 3904K, reserved 1048576K
}
Event: 10.319 GC heap before
{Heap before GC invocations=14 (full 0):
 garbage-first heap   total 140288K, used 100980K [0x0000000083000000, 0x0000000100000000)
  region size 1024K, 27 young (27648K), 1 survivors (1024K)
 Metaspace       used 31720K, committed 32000K, reserved 1114112K
  class space    used 3772K, committed 3904K, reserved 1048576K
}
Event: 10.325 GC heap after
{Heap after GC invocations=15 (full 0):
 garbage-first heap   total 140288K, used 80786K [0x0000000083000000, 0x0000000100000000)
  region size 1024K, 4 young (4096K), 4 survivors (4096K)
 Metaspace       used 31720K, committed 32000K, reserved 1114112K
  class space    used 3772K, committed 3904K, reserved 1048576K
}
Event: 10.773 GC heap before
{Heap before GC invocations=16 (full 0):
 garbage-first heap   total 140288K, used 100242K [0x0000000083000000, 0x0000000100000000)
  region size 1024K, 28 young (28672K), 4 survivors (4096K)
 Metaspace       used 31079K, committed 31488K, reserved 1114112K
  class space    used 3696K, committed 3904K, reserved 1048576K
}
Event: 10.777 GC heap after
{Heap after GC invocations=17 (full 0):
 garbage-first heap   total 140288K, used 77496K [0x0000000083000000, 0x0000000100000000)
  region size 1024K, 1 young (1024K), 1 survivors (1024K)
 Metaspace       used 31079K, committed 31488K, reserved 1114112K
  class space    used 3696K, committed 3904K, reserved 1048576K
}
Event: 10.961 GC heap before
{Heap before GC invocations=17 (full 0):
 garbage-first heap   total 140288K, used 81592K [0x0000000083000000, 0x0000000100000000)
  region size 1024K, 6 young (6144K), 1 survivors (1024K)
 Metaspace       used 31174K, committed 31552K, reserved 1114112K
  class space    used 3704K, committed 3904K, reserved 1048576K
}

